2021-08-29 10:54:29.971 [restartedMain] INFO  com.example.backend.BackendApplication -
                Starting BackendApplication using Java 12.0.2 on LAPTOP-QVDA2C3C with PID 11240 (E:\idea files\train\backend\target\classes started by HP in E:\idea files\train)
2021-08-29 10:54:29.973 [restartedMain] INFO  com.example.backend.BackendApplication -
                No active profile set, falling back to default profiles: default
2021-08-29 10:54:30.016 [restartedMain] INFO  o.s.b.d.env.DevToolsPropertyDefaultsPostProcessor -
                Devtools property defaults active! Set 'spring.devtools.add-properties' to 'false' to disable
2021-08-29 10:54:30.016 [restartedMain] INFO  o.s.b.d.env.DevToolsPropertyDefaultsPostProcessor -
                For additional web related logging consider setting the 'logging.level.web' property to 'DEBUG'
2021-08-29 10:54:31.159 [restartedMain] INFO  o.s.d.r.config.RepositoryConfigurationDelegate -
                Bootstrapping Spring Data JPA repositories in DEFAULT mode.
2021-08-29 10:54:31.223 [restartedMain] INFO  o.s.d.r.config.RepositoryConfigurationDelegate -
                Finished Spring Data repository scanning in 57 ms. Found 6 JPA repository interfaces.
2021-08-29 10:54:31.891 [restartedMain] INFO  o.s.boot.web.embedded.tomcat.TomcatWebServer -
                Tomcat initialized with port(s): 8090 (http)
2021-08-29 10:54:31.899 [restartedMain] INFO  org.apache.coyote.http11.Http11NioProtocol -
                Initializing ProtocolHandler ["http-nio-8090"]
2021-08-29 10:54:31.899 [restartedMain] INFO  org.apache.catalina.core.StandardService -
                Starting service [Tomcat]
2021-08-29 10:54:31.899 [restartedMain] INFO  org.apache.catalina.core.StandardEngine -
                Starting Servlet engine: [Apache Tomcat/9.0.50]
2021-08-29 10:54:31.981 [restartedMain] INFO  o.a.c.core.ContainerBase.[Tomcat].[localhost].[/] -
                Initializing Spring embedded WebApplicationContext
2021-08-29 10:54:31.981 [restartedMain] INFO  o.s.b.w.s.c.ServletWebServerApplicationContext -
                Root WebApplicationContext: initialization completed in 1964 ms
2021-08-29 10:54:32.126 [restartedMain] INFO  org.hibernate.jpa.internal.util.LogHelper -
                HHH000204: Processing PersistenceUnitInfo [name: default]
2021-08-29 10:54:32.170 [restartedMain] INFO  org.hibernate.Version -
                HHH000412: Hibernate ORM core version 5.4.32.Final
2021-08-29 10:54:32.281 [restartedMain] INFO  org.hibernate.annotations.common.Version -
                HCANN000001: Hibernate Commons Annotations {5.1.2.Final}
2021-08-29 10:54:32.362 [restartedMain] INFO  com.zaxxer.hikari.HikariDataSource -
                HikariPool-1 - Starting...
2021-08-29 10:54:32.481 [restartedMain] INFO  com.zaxxer.hikari.HikariDataSource -
                HikariPool-1 - Start completed.
2021-08-29 10:54:32.497 [restartedMain] INFO  org.hibernate.dialect.Dialect -
                HHH000400: Using dialect: org.hibernate.dialect.MySQL8Dialect
2021-08-29 10:54:32.703 [restartedMain] WARN  org.hibernate.mapping.RootClass -
                HHH000038: Composite-id class does not override equals(): com.example.backend.key.StationKey
2021-08-29 10:54:32.703 [restartedMain] WARN  org.hibernate.mapping.RootClass -
                HHH000039: Composite-id class does not override hashCode(): com.example.backend.key.StationKey
2021-08-29 10:54:32.703 [restartedMain] WARN  org.hibernate.mapping.RootClass -
                HHH000038: Composite-id class does not override equals(): com.example.backend.key.TicketKey
2021-08-29 10:54:32.703 [restartedMain] WARN  org.hibernate.mapping.RootClass -
                HHH000039: Composite-id class does not override hashCode(): com.example.backend.key.TicketKey
2021-08-29 10:54:32.979 [restartedMain] INFO  o.h.e.t.jta.platform.internal.JtaPlatformInitiator -
                HHH000490: Using JtaPlatform implementation: [org.hibernate.engine.transaction.jta.platform.internal.NoJtaPlatform]
2021-08-29 10:54:32.984 [restartedMain] INFO  o.s.orm.jpa.LocalContainerEntityManagerFactoryBean -
                Initialized JPA EntityManagerFactory for persistence unit 'default'
2021-08-29 10:54:33.582 [restartedMain] WARN  o.s.b.a.o.j.JpaBaseConfiguration$JpaWebConfiguration -
                spring.jpa.open-in-view is enabled by default. Therefore, database queries may be performed during view rendering. Explicitly configure spring.jpa.open-in-view to disable this warning
2021-08-29 10:54:33.668 [restartedMain] INFO  s.d.s.w.PropertySourcedRequestMappingHandlerMapping -
                Mapped URL path [/v2/api-docs] onto method [springfox.documentation.swagger2.web.Swagger2Controller#getDocumentation(String, HttpServletRequest)]
2021-08-29 10:54:33.762 [restartedMain] INFO  o.s.b.d.autoconfigure.OptionalLiveReloadServer -
                LiveReload server is running on port 35729
2021-08-29 10:54:33.858 [restartedMain] INFO  org.apache.coyote.http11.Http11NioProtocol -
                Starting ProtocolHandler ["http-nio-8090"]
2021-08-29 10:54:33.871 [restartedMain] INFO  o.s.boot.web.embedded.tomcat.TomcatWebServer -
                Tomcat started on port(s): 8090 (http) with context path ''
2021-08-29 10:54:33.871 [restartedMain] INFO  s.d.s.web.plugins.DocumentationPluginsBootstrapper -
                Context refreshed
2021-08-29 10:54:33.885 [restartedMain] INFO  s.d.s.web.plugins.DocumentationPluginsBootstrapper -
                Found 1 custom documentation plugin(s)
2021-08-29 10:54:33.905 [restartedMain] INFO  s.d.spring.web.scanners.ApiListingReferenceScanner -
                Scanning for api listing references
2021-08-29 10:54:34.035 [restartedMain] INFO  com.example.backend.BackendApplication -
                Started BackendApplication in 4.453 seconds (JVM running for 5.824)
2021-08-29 10:56:29.892 [http-nio-8090-exec-1] INFO  o.a.c.core.ContainerBase.[Tomcat].[localhost].[/] -
                Initializing Spring DispatcherServlet 'dispatcherServlet'
2021-08-29 10:56:29.893 [http-nio-8090-exec-1] INFO  org.springframework.web.servlet.DispatcherServlet -
                Initializing Servlet 'dispatcherServlet'
2021-08-29 10:56:29.894 [http-nio-8090-exec-1] INFO  org.springframework.web.servlet.DispatcherServlet -
                Completed initialization in 1 ms
2021-08-29 10:56:29.965 [http-nio-8090-exec-2] INFO  com.example.backend.web.UserController -
                登录成功: User(usercard=340403200101142610, uid=sunburst7, uname=张三, password=12345, email=12345@qq.com, phone=13605544506, birth=2001-01-15, identity=0)
2021-08-29 10:56:32.717 [http-nio-8090-exec-4] INFO  com.example.backend.web.UserController -
                [{"trainID":"K1153","endStation":"徐州","endDate":"2021-08-09 10:10:00.0","price":400.0,"startStation":"北京","seatInfo":"2车1排1座","type":"一等座","startDate":"2021-08-09 08:00:00.0"}]
2021-08-29 10:57:04.897 [http-nio-8090-exec-7] INFO  com.example.backend.web.StationController -
                查询2021-08-09从北京到福州的换乘列车K1153,1,北京,4,上海,2021-08-09,2021-08-09,T11,1,上海,3,福州,2021-08-14,2021-08-16
K1153,1,北京,2,济南,2021-08-09,2021-08-09,T23,1,济南,2,福州,2021-08-09,2021-08-10

2021-08-29 10:57:04.934 [http-nio-8090-exec-9] INFO  com.example.backend.web.StationController -
                查询2021-08-09从北京到上海的列车信息
[K1153, 北京, 1, 上海, 4, 2021-08-09 08:00:00.0, 2021-08-09 11:00:00.0, 301.5, 400, 38, 48, 100, 0]

2021-08-29 10:57:04.951 [http-nio-8090-exec-1] INFO  com.example.backend.web.StationController -
                查询K1153次列车1到4之间的中转站
Station(sid=1, tid=K1153, sname=北京, arrive_date=2021-08-09 08:00:00.0, price=0.0, mileage=0)
Station(sid=2, tid=K1153, sname=济南, arrive_date=2021-08-09 09:00:00.0, price=100.0, mileage=100)
Station(sid=3, tid=K1153, sname=徐州, arrive_date=2021-08-09 10:10:00.0, price=200.0, mileage=200)
Station(sid=4, tid=K1153, sname=上海, arrive_date=2021-08-09 11:00:00.0, price=301.5, mileage=400)

2021-08-29 10:57:04.988 [http-nio-8090-exec-2] INFO  com.example.backend.web.StationController -
                查询2021-08-14从上海到福州的列车信息
[T11, 上海, 1, 福州, 3, 2021-08-14 14:00:00.0, 2021-08-16 16:00:00.0, 200.0, 300, 0, 0, 0, 0]

2021-08-29 10:57:04.999 [http-nio-8090-exec-3] INFO  com.example.backend.web.StationController -
                查询T11次列车1到3之间的中转站
Station(sid=1, tid=T11, sname=上海, arrive_date=2021-08-14 14:00:00.0, price=200.0, mileage=0)
Station(sid=2, tid=T11, sname=温州, arrive_date=2021-08-15 16:00:00.0, price=300.0, mileage=100)
Station(sid=3, tid=T11, sname=福州, arrive_date=2021-08-16 16:00:00.0, price=400.0, mileage=300)

2021-08-29 10:57:05.022 [http-nio-8090-exec-4] INFO  com.example.backend.web.StationController -
                查询2021-08-09从北京到济南的列车信息
[K1153, 北京, 1, 济南, 2, 2021-08-09 08:00:00.0, 2021-08-09 09:00:00.0, 100.0, 100, 38, 48, 100, 0]

2021-08-29 10:57:05.031 [http-nio-8090-exec-5] INFO  com.example.backend.web.StationController -
                查询K1153次列车1到2之间的中转站
Station(sid=1, tid=K1153, sname=北京, arrive_date=2021-08-09 08:00:00.0, price=0.0, mileage=0)
Station(sid=2, tid=K1153, sname=济南, arrive_date=2021-08-09 09:00:00.0, price=100.0, mileage=100)

2021-08-29 10:57:05.053 [http-nio-8090-exec-6] INFO  com.example.backend.web.StationController -
                查询2021-08-09从济南到福州的列车信息
[T23, 济南, 1, 福州, 2, 2021-08-09 10:00:00.0, 2021-08-10 14:00:00.0, 1000.0, 100, 0, 0, 0, 0]

2021-08-29 10:57:05.060 [http-nio-8090-exec-7] INFO  com.example.backend.web.StationController -
                查询T23次列车1到2之间的中转站
Station(sid=1, tid=T23, sname=济南, arrive_date=2021-08-09 10:00:00.0, price=0.0, mileage=0)
Station(sid=2, tid=T23, sname=福州, arrive_date=2021-08-10 14:00:00.0, price=1000.0, mileage=100)

2021-08-29 10:57:12.822 [http-nio-8090-exec-9] INFO  com.example.backend.web.StationController -
                查询2021-08-09从北京到福州的换乘列车K1153,1,北京,4,上海,2021-08-09,2021-08-09,T11,1,上海,3,福州,2021-08-14,2021-08-16
K1153,1,北京,2,济南,2021-08-09,2021-08-09,T23,1,济南,2,福州,2021-08-09,2021-08-10

2021-08-29 10:57:12.842 [http-nio-8090-exec-1] INFO  com.example.backend.web.StationController -
                查询2021-08-09从北京到上海的列车信息
[K1153, 北京, 1, 上海, 4, 2021-08-09 08:00:00.0, 2021-08-09 11:00:00.0, 301.5, 400, 38, 48, 100, 0]

2021-08-29 10:57:12.852 [http-nio-8090-exec-3] INFO  com.example.backend.web.StationController -
                查询K1153次列车1到4之间的中转站
Station(sid=1, tid=K1153, sname=北京, arrive_date=2021-08-09 08:00:00.0, price=0.0, mileage=0)
Station(sid=2, tid=K1153, sname=济南, arrive_date=2021-08-09 09:00:00.0, price=100.0, mileage=100)
Station(sid=3, tid=K1153, sname=徐州, arrive_date=2021-08-09 10:10:00.0, price=200.0, mileage=200)
Station(sid=4, tid=K1153, sname=上海, arrive_date=2021-08-09 11:00:00.0, price=301.5, mileage=400)

2021-08-29 10:57:12.885 [http-nio-8090-exec-4] INFO  com.example.backend.web.StationController -
                查询2021-08-14从上海到福州的列车信息
[T11, 上海, 1, 福州, 3, 2021-08-14 14:00:00.0, 2021-08-16 16:00:00.0, 200.0, 300, 0, 0, 0, 0]

2021-08-29 10:57:12.894 [http-nio-8090-exec-5] INFO  com.example.backend.web.StationController -
                查询T11次列车1到3之间的中转站
Station(sid=1, tid=T11, sname=上海, arrive_date=2021-08-14 14:00:00.0, price=200.0, mileage=0)
Station(sid=2, tid=T11, sname=温州, arrive_date=2021-08-15 16:00:00.0, price=300.0, mileage=100)
Station(sid=3, tid=T11, sname=福州, arrive_date=2021-08-16 16:00:00.0, price=400.0, mileage=300)

2021-08-29 10:57:12.917 [http-nio-8090-exec-6] INFO  com.example.backend.web.StationController -
                查询2021-08-09从北京到济南的列车信息
[K1153, 北京, 1, 济南, 2, 2021-08-09 08:00:00.0, 2021-08-09 09:00:00.0, 100.0, 100, 38, 48, 100, 0]

2021-08-29 10:57:12.922 [http-nio-8090-exec-7] INFO  com.example.backend.web.StationController -
                查询K1153次列车1到2之间的中转站
Station(sid=1, tid=K1153, sname=北京, arrive_date=2021-08-09 08:00:00.0, price=0.0, mileage=0)
Station(sid=2, tid=K1153, sname=济南, arrive_date=2021-08-09 09:00:00.0, price=100.0, mileage=100)

2021-08-29 10:57:12.949 [http-nio-8090-exec-10] INFO  com.example.backend.web.StationController -
                查询2021-08-09从济南到福州的列车信息
[T23, 济南, 1, 福州, 2, 2021-08-09 10:00:00.0, 2021-08-10 14:00:00.0, 1000.0, 100, 0, 0, 0, 0]

2021-08-29 10:57:12.954 [http-nio-8090-exec-9] INFO  com.example.backend.web.StationController -
                查询T23次列车1到2之间的中转站
Station(sid=1, tid=T23, sname=济南, arrive_date=2021-08-09 10:00:00.0, price=0.0, mileage=0)
Station(sid=2, tid=T23, sname=福州, arrive_date=2021-08-10 14:00:00.0, price=1000.0, mileage=100)

2021-08-29 10:58:09.343 [http-nio-8090-exec-2] INFO  com.example.backend.web.UserController -
                [{"trainID":"K1153","endStation":"徐州","endDate":"2021-08-09 10:10:00.0","price":400.0,"startStation":"北京","seatInfo":"2车1排1座","type":"一等座","startDate":"2021-08-09 08:00:00.0"}]
2021-08-29 15:15:38.394 [http-nio-8090-exec-5] INFO  com.example.backend.web.UserController -
                [{"trainID":"K1153","endStation":"徐州","endDate":"2021-08-09 10:10:00.0","price":400.0,"startStation":"北京","seatInfo":"2车1排1座","type":"一等座","startDate":"2021-08-09 08:00:00.0"}]
2021-08-29 15:17:51.823 [http-nio-8090-exec-10] INFO  com.example.backend.web.UserController -
                [{"trainID":"K1153","endStation":"徐州","endDate":"2021-08-09 10:10:00.0","price":400.0,"startStation":"北京","seatInfo":"2车1排1座","type":"一等座","startDate":"2021-08-09 08:00:00.0"}]
2021-08-29 15:17:54.809 [http-nio-8090-exec-9] INFO  com.example.backend.web.UserController -
                [{"trainID":"K1153","endStation":"徐州","endDate":"2021-08-09 10:10:00.0","price":400.0,"startStation":"北京","seatInfo":"2车1排1座","type":"一等座","startDate":"2021-08-09 08:00:00.0"}]
2021-08-29 15:17:56.223 [http-nio-8090-exec-1] INFO  com.example.backend.web.UserController -
                [{"trainID":"K1153","endStation":"徐州","endDate":"2021-08-09 10:10:00.0","price":400.0,"startStation":"北京","seatInfo":"2车1排1座","type":"一等座","startDate":"2021-08-09 08:00:00.0"}]
2021-08-29 15:18:13.967 [http-nio-8090-exec-4] INFO  com.example.backend.web.UserController -
                [{"trainID":"K1153","endStation":"徐州","endDate":"2021-08-09 10:10:00.0","price":400.0,"startStation":"北京","seatInfo":"2车1排1座","type":"一等座","startDate":"2021-08-09 08:00:00.0"}]
2021-08-29 15:20:17.473 [http-nio-8090-exec-7] INFO  com.example.backend.web.UserController -
                [{"trainID":"K1153","endStation":"徐州","endDate":"2021-08-09 10:10:00.0","price":400.0,"startStation":"北京","seatInfo":"2车1排1座","type":"一等座","startDate":"2021-08-09 08:00:00.0"}]
2021-08-29 15:20:29.822 [http-nio-8090-exec-8] INFO  com.example.backend.web.StationController -
                查询2021-08-09从北京到上海的列车信息
[K1153, 北京, 1, 上海, 4, 2021-08-09 08:00:00.0, 2021-08-09 11:00:00.0, 301.5, 400, 38, 48, 100, 0]

2021-08-29 15:20:29.834 [http-nio-8090-exec-2] INFO  com.example.backend.web.StationController -
                查询K1153次列车1到4之间的中转站
Station(sid=1, tid=K1153, sname=北京, arrive_date=2021-08-09 08:00:00.0, price=0.0, mileage=0)
Station(sid=2, tid=K1153, sname=济南, arrive_date=2021-08-09 09:00:00.0, price=100.0, mileage=100)
Station(sid=3, tid=K1153, sname=徐州, arrive_date=2021-08-09 10:10:00.0, price=200.0, mileage=200)
Station(sid=4, tid=K1153, sname=上海, arrive_date=2021-08-09 11:00:00.0, price=301.5, mileage=400)

2021-08-29 15:20:33.247 [http-nio-8090-exec-4] INFO  com.example.backend.web.TicketController -
                请求座位信息:K1153 北京 上海 K1153 1
2021-08-29 15:34:08.451 [http-nio-8090-exec-8] WARN  o.s.w.s.m.support.DefaultHandlerExceptionResolver -
                Resolved [org.springframework.web.method.annotation.MethodArgumentTypeMismatchException: Failed to convert value of type 'java.lang.String' to required type 'java.sql.Date'; nested exception is org.springframework.core.convert.ConversionFailedException: Failed to convert from type [java.lang.String] to type [java.sql.Date] for value ''; nested exception is java.lang.IllegalArgumentException]
2021-08-29 17:15:20.635 [SpringApplicationShutdownHook] INFO  o.s.orm.jpa.LocalContainerEntityManagerFactoryBean -
                Closing JPA EntityManagerFactory for persistence unit 'default'
2021-08-29 17:15:20.722 [SpringApplicationShutdownHook] INFO  com.zaxxer.hikari.HikariDataSource -
                HikariPool-1 - Shutdown initiated...
2021-08-29 17:15:20.735 [SpringApplicationShutdownHook] INFO  com.zaxxer.hikari.HikariDataSource -
                HikariPool-1 - Shutdown completed.
