2021-09-03 16:11:24.234 [restartedMain] INFO  com.example.backend.BackendApplication -
                Starting BackendApplication using Java 12.0.2 on LAPTOP-QVDA2C3C with PID 8696 (E:\idea files\train\backend\target\classes started by HP in E:\idea files\train)
2021-09-03 16:11:24.236 [restartedMain] INFO  com.example.backend.BackendApplication -
                No active profile set, falling back to default profiles: default
2021-09-03 16:11:24.286 [restartedMain] INFO  o.s.b.d.env.DevToolsPropertyDefaultsPostProcessor -
                Devtools property defaults active! Set 'spring.devtools.add-properties' to 'false' to disable
2021-09-03 16:11:24.286 [restartedMain] INFO  o.s.b.d.env.DevToolsPropertyDefaultsPostProcessor -
                For additional web related logging consider setting the 'logging.level.web' property to 'DEBUG'
2021-09-03 16:11:25.656 [restartedMain] INFO  o.s.d.r.config.RepositoryConfigurationDelegate -
                Bootstrapping Spring Data JPA repositories in DEFAULT mode.
2021-09-03 16:11:25.732 [restartedMain] INFO  o.s.d.r.config.RepositoryConfigurationDelegate -
                Finished Spring Data repository scanning in 67 ms. Found 6 JPA repository interfaces.
2021-09-03 16:11:26.391 [restartedMain] INFO  o.s.boot.web.embedded.tomcat.TomcatWebServer -
                Tomcat initialized with port(s): 8090 (http)
2021-09-03 16:11:26.399 [restartedMain] INFO  org.apache.coyote.http11.Http11NioProtocol -
                Initializing ProtocolHandler ["http-nio-8090"]
2021-09-03 16:11:26.400 [restartedMain] INFO  org.apache.catalina.core.StandardService -
                Starting service [Tomcat]
2021-09-03 16:11:26.400 [restartedMain] INFO  org.apache.catalina.core.StandardEngine -
                Starting Servlet engine: [Apache Tomcat/9.0.50]
2021-09-03 16:11:26.487 [restartedMain] INFO  o.a.c.core.ContainerBase.[Tomcat].[localhost].[/] -
                Initializing Spring embedded WebApplicationContext
2021-09-03 16:11:26.487 [restartedMain] INFO  o.s.b.w.s.c.ServletWebServerApplicationContext -
                Root WebApplicationContext: initialization completed in 2201 ms
2021-09-03 16:11:26.631 [restartedMain] INFO  org.hibernate.jpa.internal.util.LogHelper -
                HHH000204: Processing PersistenceUnitInfo [name: default]
2021-09-03 16:11:26.678 [restartedMain] INFO  org.hibernate.Version -
                HHH000412: Hibernate ORM core version 5.4.32.Final
2021-09-03 16:11:26.786 [restartedMain] INFO  org.hibernate.annotations.common.Version -
                HCANN000001: Hibernate Commons Annotations {5.1.2.Final}
2021-09-03 16:11:26.876 [restartedMain] INFO  com.zaxxer.hikari.HikariDataSource -
                HikariPool-1 - Starting...
2021-09-03 16:11:27.079 [restartedMain] INFO  com.zaxxer.hikari.HikariDataSource -
                HikariPool-1 - Start completed.
2021-09-03 16:11:27.097 [restartedMain] INFO  org.hibernate.dialect.Dialect -
                HHH000400: Using dialect: org.hibernate.dialect.MySQL8Dialect
2021-09-03 16:11:27.417 [restartedMain] WARN  org.hibernate.mapping.RootClass -
                HHH000038: Composite-id class does not override equals(): com.example.backend.key.StationKey
2021-09-03 16:11:27.417 [restartedMain] WARN  org.hibernate.mapping.RootClass -
                HHH000039: Composite-id class does not override hashCode(): com.example.backend.key.StationKey
2021-09-03 16:11:27.417 [restartedMain] WARN  org.hibernate.mapping.RootClass -
                HHH000038: Composite-id class does not override equals(): com.example.backend.key.TicketKey
2021-09-03 16:11:27.417 [restartedMain] WARN  org.hibernate.mapping.RootClass -
                HHH000039: Composite-id class does not override hashCode(): com.example.backend.key.TicketKey
2021-09-03 16:11:27.772 [restartedMain] INFO  o.h.e.t.jta.platform.internal.JtaPlatformInitiator -
                HHH000490: Using JtaPlatform implementation: [org.hibernate.engine.transaction.jta.platform.internal.NoJtaPlatform]
2021-09-03 16:11:27.778 [restartedMain] INFO  o.s.orm.jpa.LocalContainerEntityManagerFactoryBean -
                Initialized JPA EntityManagerFactory for persistence unit 'default'
2021-09-03 16:11:28.392 [restartedMain] WARN  o.s.b.a.o.j.JpaBaseConfiguration$JpaWebConfiguration -
                spring.jpa.open-in-view is enabled by default. Therefore, database queries may be performed during view rendering. Explicitly configure spring.jpa.open-in-view to disable this warning
2021-09-03 16:11:28.483 [restartedMain] INFO  s.d.s.w.PropertySourcedRequestMappingHandlerMapping -
                Mapped URL path [/v2/api-docs] onto method [springfox.documentation.swagger2.web.Swagger2Controller#getDocumentation(String, HttpServletRequest)]
2021-09-03 16:11:28.577 [restartedMain] INFO  o.s.b.d.autoconfigure.OptionalLiveReloadServer -
                LiveReload server is running on port 35729
2021-09-03 16:11:28.682 [restartedMain] INFO  org.apache.coyote.http11.Http11NioProtocol -
                Starting ProtocolHandler ["http-nio-8090"]
2021-09-03 16:11:28.694 [restartedMain] INFO  o.s.boot.web.embedded.tomcat.TomcatWebServer -
                Tomcat started on port(s): 8090 (http) with context path ''
2021-09-03 16:11:28.695 [restartedMain] INFO  s.d.s.web.plugins.DocumentationPluginsBootstrapper -
                Context refreshed
2021-09-03 16:11:28.709 [restartedMain] INFO  s.d.s.web.plugins.DocumentationPluginsBootstrapper -
                Found 1 custom documentation plugin(s)
2021-09-03 16:11:28.731 [restartedMain] INFO  s.d.spring.web.scanners.ApiListingReferenceScanner -
                Scanning for api listing references
2021-09-03 16:11:28.868 [restartedMain] INFO  com.example.backend.BackendApplication -
                Started BackendApplication in 5.031 seconds (JVM running for 6.769)
2021-09-03 16:12:39.027 [http-nio-8090-exec-1] INFO  o.a.c.core.ContainerBase.[Tomcat].[localhost].[/] -
                Initializing Spring DispatcherServlet 'dispatcherServlet'
2021-09-03 16:12:39.028 [http-nio-8090-exec-1] INFO  org.springframework.web.servlet.DispatcherServlet -
                Initializing Servlet 'dispatcherServlet'
2021-09-03 16:12:39.029 [http-nio-8090-exec-1] INFO  org.springframework.web.servlet.DispatcherServlet -
                Completed initialization in 1 ms
2021-09-03 16:12:39.103 [http-nio-8090-exec-2] INFO  com.example.backend.web.UserController -
                登录成功: User(usercard=100000000000000001, uid=test1, uname=李四, password=123456, email=1064658281@qq.com, phone=10000000000, birth=2001-02-02, identity=0)
2021-09-03 16:13:04.696 [http-nio-8090-exec-5] INFO  com.example.backend.web.UserController -
                登录成功: User(usercard=100000000000000001, uid=test1, uname=李四, password=123456, email=1064658281@qq.com, phone=10000000000, birth=2001-02-02, identity=0)
2021-09-03 16:18:06.394 [http-nio-8090-exec-8] INFO  com.example.backend.web.UserController -
                登录成功: User(usercard=100000000000000001, uid=test1, uname=李四, password=123456, email=1064658281@qq.com, phone=10000000000, birth=2001-02-02, identity=0)
2021-09-03 16:22:43.604 [http-nio-8090-exec-1] INFO  com.example.backend.web.UserController -
                登录成功: User(usercard=100000000000000000, uid=test, uname=张三, password=123456, email=1064658281@qq.com, phone=10000000000, birth=2001-02-01, identity=0)
2021-09-03 16:27:32.493 [http-nio-8090-exec-4] INFO  com.example.backend.web.UserController -
                [{"trainID":"G1","endStation":"济南","endDate":"2021-09-10 10:00:00.0","price":600.0,"startStation":"北京","seatInfo":"1车1排2座","type":"商务座","startDate":"2021-09-09 08:00:00.0"}]
2021-09-03 16:27:34.304 [http-nio-8090-exec-5] INFO  com.example.backend.web.UserController -
                [{"trainID":"G1","endStation":"济南","endDate":"2021-09-10 10:00:00.0","price":600.0,"startStation":"北京","seatInfo":"1车1排2座","type":"商务座","startDate":"2021-09-09 08:00:00.0"}]
2021-09-03 17:04:33.442 [SpringApplicationShutdownHook] INFO  o.s.orm.jpa.LocalContainerEntityManagerFactoryBean -
                Closing JPA EntityManagerFactory for persistence unit 'default'
2021-09-03 17:04:33.456 [SpringApplicationShutdownHook] INFO  com.zaxxer.hikari.HikariDataSource -
                HikariPool-1 - Shutdown initiated...
2021-09-03 17:04:33.464 [SpringApplicationShutdownHook] INFO  com.zaxxer.hikari.HikariDataSource -
                HikariPool-1 - Shutdown completed.
