2021-08-30 19:15:22.370 [main] INFO  o.s.b.t.context.SpringBootTestContextBootstrapper -
                Neither @ContextConfiguration nor @ContextHierarchy found for test class [com.example.backend.BackendApplicationTests], using SpringBootContextLoader
2021-08-30 19:15:22.376 [main] INFO  o.s.test.context.support.AbstractContextLoader -
                Could not detect default resource locations for test class [com.example.backend.BackendApplicationTests]: no resource found for suffixes {-context.xml, Context.groovy}.
2021-08-30 19:15:22.376 [main] INFO  o.s.t.c.support.AnnotationConfigContextLoaderUtils -
                Could not detect default configuration classes for test class [com.example.backend.BackendApplicationTests]: BackendApplicationTests does not declare any static, non-private, non-final, nested classes annotated with @Configuration.
2021-08-30 19:15:22.498 [main] INFO  o.s.b.t.context.SpringBootTestContextBootstrapper -
                Found @SpringBootConfiguration com.example.backend.BackendApplication for test class com.example.backend.BackendApplicationTests
2021-08-30 19:15:22.603 [main] INFO  o.s.b.t.context.SpringBootTestContextBootstrapper -
                Loaded default TestExecutionListener class names from location [META-INF/spring.factories]: [org.springframework.boot.test.mock.mockito.MockitoTestExecutionListener, org.springframework.boot.test.mock.mockito.ResetMocksTestExecutionListener, org.springframework.boot.test.autoconfigure.restdocs.RestDocsTestExecutionListener, org.springframework.boot.test.autoconfigure.web.client.MockRestServiceServerResetTestExecutionListener, org.springframework.boot.test.autoconfigure.web.servlet.MockMvcPrintOnlyOnFailureTestExecutionListener, org.springframework.boot.test.autoconfigure.web.servlet.WebDriverTestExecutionListener, org.springframework.boot.test.autoconfigure.webservices.client.MockWebServiceServerTestExecutionListener, org.springframework.test.context.web.ServletTestExecutionListener, org.springframework.test.context.support.DirtiesContextBeforeModesTestExecutionListener, org.springframework.test.context.event.ApplicationEventsTestExecutionListener, org.springframework.test.context.support.DependencyInjectionTestExecutionListener, org.springframework.test.context.support.DirtiesContextTestExecutionListener, org.springframework.test.context.transaction.TransactionalTestExecutionListener, org.springframework.test.context.jdbc.SqlScriptsTestExecutionListener, org.springframework.test.context.event.EventPublishingTestExecutionListener]
2021-08-30 19:15:22.624 [main] INFO  o.s.b.t.context.SpringBootTestContextBootstrapper -
                Using TestExecutionListeners: [org.springframework.test.context.web.ServletTestExecutionListener@47f4e407, org.springframework.test.context.support.DirtiesContextBeforeModesTestExecutionListener@2d1dee39, org.springframework.test.context.event.ApplicationEventsTestExecutionListener@48d5f34e, org.springframework.boot.test.mock.mockito.MockitoTestExecutionListener@fc258b1, org.springframework.boot.test.autoconfigure.SpringBootDependencyInjectionTestExecutionListener@6ff65192, org.springframework.test.context.support.DirtiesContextTestExecutionListener@2dd80673, org.springframework.test.context.transaction.TransactionalTestExecutionListener@4af0df05, org.springframework.test.context.jdbc.SqlScriptsTestExecutionListener@57ea113a, org.springframework.test.context.event.EventPublishingTestExecutionListener@acdb094, org.springframework.boot.test.mock.mockito.ResetMocksTestExecutionListener@674bd420, org.springframework.boot.test.autoconfigure.restdocs.RestDocsTestExecutionListener@2b0f373b, org.springframework.boot.test.autoconfigure.web.client.MockRestServiceServerResetTestExecutionListener@2ceb80a1, org.springframework.boot.test.autoconfigure.web.servlet.MockMvcPrintOnlyOnFailureTestExecutionListener@4b45dcb8, org.springframework.boot.test.autoconfigure.web.servlet.WebDriverTestExecutionListener@7216fb24, org.springframework.boot.test.autoconfigure.webservices.client.MockWebServiceServerTestExecutionListener@2072acb2]
2021-08-30 19:15:22.963 [main] INFO  com.example.backend.BackendApplicationTests -
                Starting BackendApplicationTests using Java 12.0.2 on LAPTOP-QVDA2C3C with PID 7440 (started by HP in E:\idea files\train\backend)
2021-08-30 19:15:22.966 [main] INFO  com.example.backend.BackendApplicationTests -
                No active profile set, falling back to default profiles: default
2021-08-30 19:15:23.817 [main] INFO  o.s.d.r.config.RepositoryConfigurationDelegate -
                Bootstrapping Spring Data JPA repositories in DEFAULT mode.
2021-08-30 19:15:23.891 [main] INFO  o.s.d.r.config.RepositoryConfigurationDelegate -
                Finished Spring Data repository scanning in 61 ms. Found 6 JPA repository interfaces.
2021-08-30 19:15:24.784 [main] INFO  org.hibernate.jpa.internal.util.LogHelper -
                HHH000204: Processing PersistenceUnitInfo [name: default]
2021-08-30 19:15:24.848 [main] INFO  org.hibernate.Version -
                HHH000412: Hibernate ORM core version 5.4.32.Final
2021-08-30 19:15:24.987 [main] INFO  org.hibernate.annotations.common.Version -
                HCANN000001: Hibernate Commons Annotations {5.1.2.Final}
2021-08-30 19:15:25.632 [main] INFO  com.zaxxer.hikari.HikariDataSource -
                HikariPool-1 - Starting...
2021-08-30 19:15:25.777 [main] INFO  com.zaxxer.hikari.HikariDataSource -
                HikariPool-1 - Start completed.
2021-08-30 19:15:25.806 [main] INFO  org.hibernate.dialect.Dialect -
                HHH000400: Using dialect: org.hibernate.dialect.MySQL8Dialect
2021-08-30 19:15:26.128 [main] WARN  org.hibernate.mapping.RootClass -
                HHH000038: Composite-id class does not override equals(): com.example.backend.key.StationKey
2021-08-30 19:15:26.129 [main] WARN  org.hibernate.mapping.RootClass -
                HHH000039: Composite-id class does not override hashCode(): com.example.backend.key.StationKey
2021-08-30 19:15:26.129 [main] WARN  org.hibernate.mapping.RootClass -
                HHH000038: Composite-id class does not override equals(): com.example.backend.key.TicketKey
2021-08-30 19:15:26.130 [main] WARN  org.hibernate.mapping.RootClass -
                HHH000039: Composite-id class does not override hashCode(): com.example.backend.key.TicketKey
2021-08-30 19:15:26.377 [main] INFO  org.hibernate.tuple.PojoInstantiator -
                HHH000182: No default (no-argument) constructor for class: com.example.backend.entity.Train_Carriage (class must be instantiated by Interceptor)
2021-08-30 19:15:26.504 [main] INFO  o.h.e.t.jta.platform.internal.JtaPlatformInitiator -
                HHH000490: Using JtaPlatform implementation: [org.hibernate.engine.transaction.jta.platform.internal.NoJtaPlatform]
2021-08-30 19:15:26.511 [main] INFO  o.s.orm.jpa.LocalContainerEntityManagerFactoryBean -
                Initialized JPA EntityManagerFactory for persistence unit 'default'
2021-08-30 19:15:27.624 [main] WARN  o.s.b.a.o.j.JpaBaseConfiguration$JpaWebConfiguration -
                spring.jpa.open-in-view is enabled by default. Therefore, database queries may be performed during view rendering. Explicitly configure spring.jpa.open-in-view to disable this warning
2021-08-30 19:15:27.956 [main] INFO  s.d.s.w.PropertySourcedRequestMappingHandlerMapping -
                Mapped URL path [/v2/api-docs] onto method [springfox.documentation.swagger2.web.Swagger2Controller#getDocumentation(String, HttpServletRequest)]
2021-08-30 19:15:28.598 [main] INFO  s.d.s.web.plugins.DocumentationPluginsBootstrapper -
                Context refreshed
2021-08-30 19:15:28.624 [main] INFO  s.d.s.web.plugins.DocumentationPluginsBootstrapper -
                Found 1 custom documentation plugin(s)
2021-08-30 19:15:28.676 [main] INFO  s.d.spring.web.scanners.ApiListingReferenceScanner -
                Scanning for api listing references
2021-08-30 19:15:28.911 [main] INFO  com.example.backend.BackendApplicationTests -
                Started BackendApplicationTests in 6.235 seconds (JVM running for 7.59)
2021-08-30 19:15:29.212 [SpringApplicationShutdownHook] INFO  o.s.orm.jpa.LocalContainerEntityManagerFactoryBean -
                Closing JPA EntityManagerFactory for persistence unit 'default'
2021-08-30 19:15:29.216 [SpringApplicationShutdownHook] INFO  com.zaxxer.hikari.HikariDataSource -
                HikariPool-1 - Shutdown initiated...
2021-08-30 19:15:29.229 [SpringApplicationShutdownHook] INFO  com.zaxxer.hikari.HikariDataSource -
                HikariPool-1 - Shutdown completed.
2021-08-30 19:15:53.982 [main] INFO  o.s.b.t.context.SpringBootTestContextBootstrapper -
                Neither @ContextConfiguration nor @ContextHierarchy found for test class [com.example.backend.BackendApplicationTests], using SpringBootContextLoader
2021-08-30 19:15:53.991 [main] INFO  o.s.test.context.support.AbstractContextLoader -
                Could not detect default resource locations for test class [com.example.backend.BackendApplicationTests]: no resource found for suffixes {-context.xml, Context.groovy}.
2021-08-30 19:15:53.992 [main] INFO  o.s.t.c.support.AnnotationConfigContextLoaderUtils -
                Could not detect default configuration classes for test class [com.example.backend.BackendApplicationTests]: BackendApplicationTests does not declare any static, non-private, non-final, nested classes annotated with @Configuration.
2021-08-30 19:15:54.122 [main] INFO  o.s.b.t.context.SpringBootTestContextBootstrapper -
                Found @SpringBootConfiguration com.example.backend.BackendApplication for test class com.example.backend.BackendApplicationTests
2021-08-30 19:15:54.246 [main] INFO  o.s.b.t.context.SpringBootTestContextBootstrapper -
                Loaded default TestExecutionListener class names from location [META-INF/spring.factories]: [org.springframework.boot.test.mock.mockito.MockitoTestExecutionListener, org.springframework.boot.test.mock.mockito.ResetMocksTestExecutionListener, org.springframework.boot.test.autoconfigure.restdocs.RestDocsTestExecutionListener, org.springframework.boot.test.autoconfigure.web.client.MockRestServiceServerResetTestExecutionListener, org.springframework.boot.test.autoconfigure.web.servlet.MockMvcPrintOnlyOnFailureTestExecutionListener, org.springframework.boot.test.autoconfigure.web.servlet.WebDriverTestExecutionListener, org.springframework.boot.test.autoconfigure.webservices.client.MockWebServiceServerTestExecutionListener, org.springframework.test.context.web.ServletTestExecutionListener, org.springframework.test.context.support.DirtiesContextBeforeModesTestExecutionListener, org.springframework.test.context.event.ApplicationEventsTestExecutionListener, org.springframework.test.context.support.DependencyInjectionTestExecutionListener, org.springframework.test.context.support.DirtiesContextTestExecutionListener, org.springframework.test.context.transaction.TransactionalTestExecutionListener, org.springframework.test.context.jdbc.SqlScriptsTestExecutionListener, org.springframework.test.context.event.EventPublishingTestExecutionListener]
2021-08-30 19:15:54.267 [main] INFO  o.s.b.t.context.SpringBootTestContextBootstrapper -
                Using TestExecutionListeners: [org.springframework.test.context.web.ServletTestExecutionListener@47f4e407, org.springframework.test.context.support.DirtiesContextBeforeModesTestExecutionListener@2d1dee39, org.springframework.test.context.event.ApplicationEventsTestExecutionListener@48d5f34e, org.springframework.boot.test.mock.mockito.MockitoTestExecutionListener@fc258b1, org.springframework.boot.test.autoconfigure.SpringBootDependencyInjectionTestExecutionListener@6ff65192, org.springframework.test.context.support.DirtiesContextTestExecutionListener@2dd80673, org.springframework.test.context.transaction.TransactionalTestExecutionListener@4af0df05, org.springframework.test.context.jdbc.SqlScriptsTestExecutionListener@57ea113a, org.springframework.test.context.event.EventPublishingTestExecutionListener@acdb094, org.springframework.boot.test.mock.mockito.ResetMocksTestExecutionListener@674bd420, org.springframework.boot.test.autoconfigure.restdocs.RestDocsTestExecutionListener@2b0f373b, org.springframework.boot.test.autoconfigure.web.client.MockRestServiceServerResetTestExecutionListener@2ceb80a1, org.springframework.boot.test.autoconfigure.web.servlet.MockMvcPrintOnlyOnFailureTestExecutionListener@4b45dcb8, org.springframework.boot.test.autoconfigure.web.servlet.WebDriverTestExecutionListener@7216fb24, org.springframework.boot.test.autoconfigure.webservices.client.MockWebServiceServerTestExecutionListener@2072acb2]
2021-08-30 19:15:54.647 [main] INFO  com.example.backend.BackendApplicationTests -
                Starting BackendApplicationTests using Java 12.0.2 on LAPTOP-QVDA2C3C with PID 7724 (started by HP in E:\idea files\train\backend)
2021-08-30 19:15:54.650 [main] INFO  com.example.backend.BackendApplicationTests -
                No active profile set, falling back to default profiles: default
2021-08-30 19:15:55.576 [main] INFO  o.s.d.r.config.RepositoryConfigurationDelegate -
                Bootstrapping Spring Data JPA repositories in DEFAULT mode.
2021-08-30 19:15:55.665 [main] INFO  o.s.d.r.config.RepositoryConfigurationDelegate -
                Finished Spring Data repository scanning in 82 ms. Found 6 JPA repository interfaces.
2021-08-30 19:15:56.711 [main] INFO  org.hibernate.jpa.internal.util.LogHelper -
                HHH000204: Processing PersistenceUnitInfo [name: default]
2021-08-30 19:15:56.781 [main] INFO  org.hibernate.Version -
                HHH000412: Hibernate ORM core version 5.4.32.Final
2021-08-30 19:15:56.947 [main] INFO  org.hibernate.annotations.common.Version -
                HCANN000001: Hibernate Commons Annotations {5.1.2.Final}
2021-08-30 19:15:57.565 [main] INFO  com.zaxxer.hikari.HikariDataSource -
                HikariPool-1 - Starting...
2021-08-30 19:15:57.714 [main] INFO  com.zaxxer.hikari.HikariDataSource -
                HikariPool-1 - Start completed.
2021-08-30 19:15:57.741 [main] INFO  org.hibernate.dialect.Dialect -
                HHH000400: Using dialect: org.hibernate.dialect.MySQL8Dialect
2021-08-30 19:15:58.043 [main] WARN  org.hibernate.mapping.RootClass -
                HHH000038: Composite-id class does not override equals(): com.example.backend.key.StationKey
2021-08-30 19:15:58.044 [main] WARN  org.hibernate.mapping.RootClass -
                HHH000039: Composite-id class does not override hashCode(): com.example.backend.key.StationKey
2021-08-30 19:15:58.044 [main] WARN  org.hibernate.mapping.RootClass -
                HHH000038: Composite-id class does not override equals(): com.example.backend.key.TicketKey
2021-08-30 19:15:58.044 [main] WARN  org.hibernate.mapping.RootClass -
                HHH000039: Composite-id class does not override hashCode(): com.example.backend.key.TicketKey
2021-08-30 19:15:58.396 [main] INFO  o.h.e.t.jta.platform.internal.JtaPlatformInitiator -
                HHH000490: Using JtaPlatform implementation: [org.hibernate.engine.transaction.jta.platform.internal.NoJtaPlatform]
2021-08-30 19:15:58.403 [main] INFO  o.s.orm.jpa.LocalContainerEntityManagerFactoryBean -
                Initialized JPA EntityManagerFactory for persistence unit 'default'
2021-08-30 19:15:59.567 [main] WARN  o.s.b.a.o.j.JpaBaseConfiguration$JpaWebConfiguration -
                spring.jpa.open-in-view is enabled by default. Therefore, database queries may be performed during view rendering. Explicitly configure spring.jpa.open-in-view to disable this warning
2021-08-30 19:15:59.953 [main] INFO  s.d.s.w.PropertySourcedRequestMappingHandlerMapping -
                Mapped URL path [/v2/api-docs] onto method [springfox.documentation.swagger2.web.Swagger2Controller#getDocumentation(String, HttpServletRequest)]
2021-08-30 19:16:00.640 [main] INFO  s.d.s.web.plugins.DocumentationPluginsBootstrapper -
                Context refreshed
2021-08-30 19:16:00.662 [main] INFO  s.d.s.web.plugins.DocumentationPluginsBootstrapper -
                Found 1 custom documentation plugin(s)
2021-08-30 19:16:00.692 [main] INFO  s.d.spring.web.scanners.ApiListingReferenceScanner -
                Scanning for api listing references
2021-08-30 19:16:00.911 [main] INFO  com.example.backend.BackendApplicationTests -
                Started BackendApplicationTests in 6.595 seconds (JVM running for 7.99)
2021-08-30 19:16:01.202 [SpringApplicationShutdownHook] INFO  o.s.orm.jpa.LocalContainerEntityManagerFactoryBean -
                Closing JPA EntityManagerFactory for persistence unit 'default'
2021-08-30 19:16:01.205 [SpringApplicationShutdownHook] INFO  com.zaxxer.hikari.HikariDataSource -
                HikariPool-1 - Shutdown initiated...
2021-08-30 19:16:01.217 [SpringApplicationShutdownHook] INFO  com.zaxxer.hikari.HikariDataSource -
                HikariPool-1 - Shutdown completed.
